[08/06/2021, 14:53:01] - [INFO] - Je suis prêt !
[08/06/2021, 14:54:17] - [INFO] - Je suis prêt !
[08/06/2021, 14:54:31] - [INFO] - Un nouveau membre est là
[08/06/2021, 14:54:31] - [WARN] - Attention !!
[08/06/2021, 14:54:31] - [ERROR] - Une erreur est survenue :(
[08/06/2021, 14:55:03] - [INFO] - Je suis prêt !
[08/06/2021, 15:02:45] - [INFO] - Je suis prêt !
[08/06/2021, 15:17:53] - [INFO] - Je suis prêt !
[08/06/2021, 15:18:32] - [INFO] - Je suis prêt !
[08/06/2021, 15:18:59] - [INFO] - Je suis prêt !
[08/06/2021, 15:23:02] - [INFO] - Je suis prêt !
[08/06/2021, 15:24:05] - [INFO] - Je suis prêt !
[08/06/2021, 15:28:47] - [INFO] - Je suis prêt !
[08/06/2021, 15:35:10] - [INFO] - Je suis prêt !
[08/06/2021, 15:35:57] - [INFO] - Je suis prêt !
[08/06/2021, 15:40:29] - [INFO] - Je suis prêt !
[08/06/2021, 15:45:59] - [INFO] - Je suis prêt !
[08/06/2021, 15:45:59] - [INFO] - Bot identifié en tant que Mini matthieu#2076! (851786942303436820)
[08/06/2021, 15:46:39] - [INFO] - Bot identifié en tant que Mini matthieu#2076! (851786942303436820)
[08/06/2021, 15:51:09] - [INFO] - Logged in as Mini matthieu#2076! (851786942303436820)
[08/06/2021, 16:36:27] - [INFO] - Logged in as Mini matthieu#2076! (851786942303436820)
[08/06/2021, 16:36:37] - [ERROR] - Role 'Modérateur' non trouvé sur ce serveur.
[08/06/2021, 16:38:57] - [INFO] - Role 'Modérateur' ajouté sur 🛸-tft.
[08/06/2021, 16:38:57] - [INFO] - Role 'Modérateur' ajouté sur Stage.
[08/06/2021, 16:38:57] - [INFO] - Role 'Modérateur' ajouté sur salon-de-test-minimatt.
[08/06/2021, 16:38:57] - [INFO] - Role 'Modérateur' ajouté sur 🚗-gta.
[08/06/2021, 16:38:57] - [INFO] - Role 'Modérateur' ajouté sur développement.
[08/06/2021, 16:38:57] - [INFO] - Role 'Modérateur' ajouté sur 👟-sneakers.
[08/06/2021, 16:38:57] - [INFO] - Role 'Modérateur' ajouté sur Général.
[08/06/2021, 16:38:57] - [INFO] - Role 'Modérateur' ajouté sur bot-discord.
[08/06/2021, 16:38:57] - [INFO] - Role 'Modérateur' ajouté sur 🌏-minecraft.
[08/06/2021, 16:38:57] - [INFO] - Role 'Modérateur' ajouté sur nathan.
[08/06/2021, 16:38:57] - [INFO] - Role 'Modérateur' ajouté sur 🔞 - Pignole-City - 🔞.
[08/06/2021, 16:38:57] - [INFO] - Role 'Modérateur' ajouté sur aide.
[08/06/2021, 16:38:57] - [INFO] - Role 'Modérateur' ajouté sur 💬-détente.
[08/06/2021, 16:38:57] - [INFO] - Role 'Modérateur' ajouté sur ⛩-sw.
[08/06/2021, 16:38:57] - [INFO] - Role 'Modérateur' ajouté sur ressources.
[08/06/2021, 16:38:57] - [INFO] - Role 'Modérateur' ajouté sur 🌟 - Détente - 🌟.
[08/06/2021, 16:38:57] - [INFO] - Role 'Modérateur' ajouté sur 💬-gaming.
[08/06/2021, 16:38:57] - [INFO] - Role 'Modérateur' ajouté sur henry.
[08/06/2021, 16:38:57] - [INFO] - Role 'Modérateur' ajouté sur 📚-général.
[08/06/2021, 16:38:57] - [INFO] - Role 'Modérateur' ajouté sur 🤬-critique.
[08/06/2021, 16:38:57] - [INFO] - Role 'Modérateur' ajouté sur résultat.
[08/06/2021, 16:38:57] - [INFO] - Role 'Modérateur' ajouté sur 📚-général.
[08/06/2021, 16:38:57] - [INFO] - Role 'Modérateur' ajouté sur Gaming-2.
[08/06/2021, 16:38:57] - [INFO] - Role 'Modérateur' ajouté sur test bot.
[08/06/2021, 16:38:57] - [INFO] - Role 'Modérateur' ajouté sur 🏡- Accueil - 🏡.
[08/06/2021, 16:38:57] - [INFO] - Role 'Modérateur' ajouté sur Gaming.
[08/06/2021, 16:38:57] - [INFO] - Role 'Modérateur' ajouté sur ✅-accueil.
[08/06/2021, 16:38:57] - [INFO] - Role 'Modérateur' ajouté sur pierre-jean.
[08/06/2021, 16:38:57] - [INFO] - Role 'Modérateur' ajouté sur aide.
[08/06/2021, 16:38:57] - [INFO] - Role 'Modérateur' ajouté sur 💡-idée.
[08/06/2021, 16:38:57] - [INFO] - Role 'Modérateur' ajouté sur Détente.
[08/06/2021, 16:38:57] - [INFO] - Role 'Modérateur' ajouté sur docbot.
[08/06/2021, 16:38:57] - [INFO] - Role 'Modérateur' ajouté sur projet.
[08/06/2021, 16:38:57] - [INFO] - Role 'Modérateur' ajouté sur 🎶-musique.
[08/06/2021, 16:38:57] - [INFO] - Role 'Modérateur' ajouté sur ⓜ-matthieu.
[08/06/2021, 16:38:57] - [INFO] - Role 'Modérateur' ajouté sur test-bot-pj.
[08/06/2021, 16:38:57] - [INFO] - Role 'Modérateur' ajouté sur 💥-emoji-a-faire.
[08/06/2021, 16:38:57] - [INFO] - Role 'Modérateur' ajouté sur Projet.
[08/06/2021, 16:38:57] - [INFO] - Role 'Modérateur' ajouté sur 🔞-pignole-room.
[08/06/2021, 16:38:57] - [INFO] - Role 'Modérateur' ajouté sur ₿-crypto.
[08/06/2021, 16:38:57] - [INFO] - Role 'Modérateur' ajouté sur 🌇-gtarp.
[08/06/2021, 16:38:57] - [INFO] - Role 'Modérateur' ajouté sur 🎮 - Jeux-Vidéos - 🎮.
[08/06/2021, 16:41:50] - [INFO] - Logged in as Mini matthieu#2076! (851786942303436820)
[08/06/2021, 16:45:40] - [INFO] - Un nouveau membre est là
[08/06/2021, 16:45:40] - [WARN] - Attention !!
[08/06/2021, 16:45:40] - [ERROR] - Une erreur est survenue :(
[08/06/2021, 16:48:56] - [INFO] - Bot identifié en tant que Mini matthieu#2076! (851786942303436820)
[08/06/2021, 16:50:18] - [INFO] - Bot identifié en tant que Mini matthieu#2076! (851786942303436820)
[08/06/2021, 23:07:07] - [INFO] - Bot identifié en tant que Mini matthieu#2076! (851786942303436820)
[08/06/2021, 23:09:50] - [INFO] - Bot identifié en tant que Mini matthieu#2076! (851786942303436820)
[08/06/2021, 23:10:44] - [INFO] - Bot identifié en tant que Mini matthieu#2076! (851786942303436820)
[10/06/2021, 14:30:16] - [ERROR] - Command aliases must be lowercase.
[10/06/2021, 14:30:46] - [INFO] - Bot identifié en tant que Mini matthieu#2076! (851786942303436820)
[10/06/2021, 14:31:43] - [INFO] - Bot identifié en tant que Mini matthieu#2076! (851786942303436820)
[10/06/2021, 14:38:04] - [INFO] - Bot identifié en tant que Mini matthieu#2076! (851786942303436820)
[10/06/2021, 14:43:35] - [INFO] - Bot identifié en tant que Mini matthieu#2076! (851786942303436820)
[10/06/2021, 14:44:59] - [INFO] - Bot identifié en tant que Mini matthieu#2076! (851786942303436820)
[10/06/2021, 14:46:24] - [INFO] - Bot identifié en tant que Mini matthieu#2076! (851786942303436820)
[10/06/2021, 14:47:57] - [INFO] - Bot identifié en tant que Mini matthieu#2076! (851786942303436820)
[10/06/2021, 14:48:26] - [INFO] - Bot identifié en tant que Mini matthieu#2076! (851786942303436820)
[10/06/2021, 14:49:18] - [INFO] - Bot identifié en tant que Mini matthieu#2076! (851786942303436820)
[10/06/2021, 14:51:42] - [INFO] - Bot identifié en tant que Mini matthieu#2076! (851786942303436820)
[10/06/2021, 14:52:34] - [INFO] - Bot identifié en tant que Mini matthieu#2076! (851786942303436820)
[10/06/2021, 14:57:40] - [INFO] - Bot identifié en tant que Mini matthieu#2076! (851786942303436820)
[10/06/2021, 14:59:16] - [ERROR] - await is only valid in async function
[10/06/2021, 15:00:04] - [INFO] - Bot identifié en tant que Mini matthieu#2076! (851786942303436820)
[10/06/2021, 15:03:08] - [ERROR] - Cannot read property 'cache' of undefined
[10/06/2021, 15:03:26] - [ERROR] - client is not defined
[10/06/2021, 15:05:01] - [INFO] - Bot identifié en tant que Mini matthieu#2076! (851786942303436820)
[10/06/2021, 15:06:42] - [INFO] - Bot identifié en tant que Mini matthieu#2076! (851786942303436820)
[10/06/2021, 15:09:40] - [INFO] - Bot identifié en tant que Mini matthieu#2076! (851786942303436820)
[10/06/2021, 15:16:15] - [ERROR] - Group "games" is not registered.
[10/06/2021, 15:16:54] - [INFO] - Bot identifié en tant que Mini matthieu#2076! (851786942303436820)
[10/06/2021, 15:23:05] - [INFO] - Bot identifié en tant que Mini matthieu#2076! (851786942303436820)
[10/06/2021, 15:23:47] - [INFO] - Bot identifié en tant que Mini matthieu#2076! (851786942303436820)
[10/06/2021, 16:00:00] - [INFO] - Bot identifié en tant que Mini matthieu#2076! (851786942303436820)
[10/06/2021, 16:00:56] - [INFO] - Bot identifié en tant que Mini matthieu#2076! (851786942303436820)
[10/06/2021, 16:02:44] - [INFO] - Bot identifié en tant que Mini matthieu#2076! (851786942303436820)
[10/06/2021, 16:05:43] - [INFO] - Bot identifié en tant que Mini matthieu#2076! (851786942303436820)
[10/06/2021, 16:20:30] - [INFO] - Bot identifié en tant que Mini matthieu#2076! (851786942303436820)
[10/06/2021, 16:22:18] - [INFO] - Bot identifié en tant que Mini matthieu#2076! (851786942303436820)
[10/06/2021, 16:23:21] - [INFO] - Bot identifié en tant que Mini matthieu#2076! (851786942303436820)
[10/06/2021, 16:24:37] - [INFO] - Bot identifié en tant que Mini matthieu#2076! (851786942303436820)
[10/06/2021, 16:27:14] - [INFO] - Bot identifié en tant que Mini matthieu#2076! (851786942303436820)
